<?xml version="1.0" encoding="UTF-8"?>
<!-- Generated by org.testng.reporters.JUnitXMLReporter -->
<testsuite ignored="0" hostname="DESKTOP-FUQKOE5" failures="2" tests="10" name="PetTests" time="20.003" errors="0" timestamp="2025-10-11T19:12:02 BDT">
  <testcase classname="api.test.UserTestCases_TC001" name="testPostUser" time="3.43"/>
  <testcase classname="api.test.UserTestCases_TC001" name="testGetUserByName" time="1.446">
    <failure type="junit.framework.AssertionFailedError" message="expected:&amp;lt;404&amp;gt; but was:&amp;lt;200&amp;gt;">
      <![CDATA[junit.framework.AssertionFailedError: expected:<404> but was:<200>
at junit.framework.Assert.fail(Assert.java:47)
at junit.framework.Assert.failNotEquals(Assert.java:282)
at junit.framework.Assert.assertEquals(Assert.java:64)
at junit.framework.Assert.assertEquals(Assert.java:201)
at junit.framework.Assert.assertEquals(Assert.java:207)
at api.test.UserTestCases_TC001.testGetUserByName(UserTestCases_TC001.java:54)
at java.base/java.util.ArrayList.forEach(ArrayList.java:1596)
... Removed 25 stack frames]]>
    </failure>
  </testcase> <!-- testGetUserByName -->
  <testcase classname="api.test.UserTestCases_TC001" name="testUpdateUserByName" time="2.903"/>
  <testcase classname="api.test.UserTestCases_TC001" name="testDeleteUserByName" time="1.393"/>
  <testcase classname="api.test.DDTestCases_TC002" name="testPostuser" time="1.427"/>
  <testcase classname="api.test.DDTestCases_TC002" name="testPostuser" time="1.408"/>
  <testcase classname="api.test.DDTestCases_TC002" name="testPostuser" time="1.368"/>
  <testcase classname="api.test.DDTestCases_TC002" name="testDeleteUserByName" time="1.4"/>
  <testcase classname="api.test.DDTestCases_TC002" name="testDeleteUserByName" time="1.398"/>
  <testcase classname="api.test.DDTestCases_TC002" name="testDeleteUserByName" time="1.422">
    <failure type="java.lang.AssertionError" message="expected [200] but found [404]">
      <![CDATA[java.lang.AssertionError: expected [200] but found [404]
at api.test.DDTestCases_TC002.testDeleteUserByName(DDTestCases_TC002.java:35)
at java.base/java.util.ArrayList.forEach(ArrayList.java:1596)
... Removed 32 stack frames]]>
    </failure>
  </testcase> <!-- testDeleteUserByName -->
</testsuite> <!-- PetTests -->
